<?xml version="1.0" encoding="UTF-8"?>
<!-- Generated by org.testng.reporters.JUnitReportReporter -->
<testsuite skipped="0" hostname="HDC2-D-CCTQXJ2" name="Demowebshop.Demoweb1" tests="1" failures="0" timestamp="18 Oct 2019 09:10:15 GMT" time="21.937" errors="0">
  <testcase name="f" time="21.937" classname="Demowebshop.Demoweb1"/>
</testsuite> <!-- Demowebshop.Demoweb1 -->
