<?xml version="1.0" encoding="UTF-8"?>
<!-- Generated by org.testng.reporters.JUnitReportReporter -->
<testsuite skipped="0" hostname="HDC2-D-CCTQXJ2" name="Demowebshop.TestXMLDemo" tests="1" failures="0" timestamp="21 Oct 2019 04:48:46 GMT" time="0.014" errors="0">
  <testcase name="f" time="0.014" classname="Demowebshop.TestXMLDemo"/>
</testsuite> <!-- Demowebshop.TestXMLDemo -->
