<?xml version="1.0" encoding="UTF-8"?>
<!-- Generated by org.testng.reporters.JUnitReportReporter -->
<testsuite skipped="0" hostname="HDC2-D-CCTQXJ2" name="Demowebshop.ParaDemo" tests="2" failures="0" timestamp="21 Oct 2019 06:57:12 GMT" time="0.019" errors="0">
  <testcase name="f" time="0.015" classname="Demowebshop.ParaDemo"/>
  <testcase name="g" time="0.004" classname="Demowebshop.ParaDemo"/>
</testsuite> <!-- Demowebshop.ParaDemo -->
