<?xml version="1.0" encoding="UTF-8"?>
<!-- Generated by org.testng.reporters.JUnitReportReporter -->
<testsuite skipped="0" hostname="HDC2-D-CCTQXJ2" name="Demowebshop.GRPDemo" tests="3" failures="0" timestamp="21 Oct 2019 06:35:21 GMT" time="0.024" errors="0">
  <testcase name="PartPayment" time="0.001" classname="Demowebshop.GRPDemo"/>
  <testcase name="ReviseROI" time="0.005" classname="Demowebshop.GRPDemo"/>
  <testcase name="ApplyLoan" time="0.018" classname="Demowebshop.GRPDemo"/>
</testsuite> <!-- Demowebshop.GRPDemo -->
