<?xml version="1.0" encoding="UTF-8"?>
<!-- Generated by org.testng.reporters.JUnitReportReporter -->
<testsuite skipped="0" hostname="HDC2-D-CCTQXJ2" name="Demowebshop.WindowDemo" tests="1" failures="0" timestamp="21 Oct 2019 10:26:22 GMT" time="31.274" errors="0">
  <testcase name="WindowDEMO" time="31.274" classname="Demowebshop.WindowDemo"/>
</testsuite> <!-- Demowebshop.WindowDemo -->
