<?xml version="1.0" encoding="UTF-8"?>
<!-- Generated by org.testng.reporters.JUnitReportReporter -->
<testsuite skipped="0" hostname="HDC2-D-CCTQXJ2" name="Mydemo.Mydemo.ExcelDemo1" tests="1" failures="0" timestamp="23 Oct 2019 06:26:44 GMT" time="1.136" errors="0">
  <testcase name="f" time="1.136" classname="Mydemo.Mydemo.ExcelDemo1"/>
</testsuite> <!-- Mydemo.Mydemo.ExcelDemo1 -->
