<?xml version="1.0" encoding="UTF-8"?>
<!-- Generated by org.testng.reporters.JUnitReportReporter -->
<testsuite skipped="0" hostname="HDC2-D-CCTQXJ2" name="Mydemo.Mydemo.ShareCreationDemo" tests="1" failures="0" timestamp="23 Oct 2019 09:17:32 GMT" time="1.214" errors="0">
  <testcase name="f" time="1.214" classname="Mydemo.Mydemo.ShareCreationDemo"/>
</testsuite> <!-- Mydemo.Mydemo.ShareCreationDemo -->
